android/app/build/intermediates/manifest_merge_blame_file/debug/manifest-merger-blame-debug-report.txt
1<?xml version="1.0" encoding="utf-8"?>
2<manifest xmlns:android="http://schemas.android.com/apk/res/android"
3    package="com.furnia"
4    android:versionCode="1"
5    android:versionName="1.0" >
6
7    <uses-sdk
8        android:minSdkVersion="21"
9        android:targetSdkVersion="33" />
10
11    <uses-permission android:name="android.permission.SYSTEM_ALERT_WINDOW" />
11-->src\debug\AndroidManifest.xml:5:5-77
11-->src\debug\AndroidManifest.xml:5:22-75
12    <uses-permission android:name="android.permission.INTERNET" />
12-->src\main\AndroidManifest.xml:3:5-67
12-->src\main\AndroidManifest.xml:3:22-64
13    <uses-permission android:name="android.permission.CAMERA" />
13-->src\main\AndroidManifest.xml:4:5-65
13-->src\main\AndroidManifest.xml:4:22-62
14    <uses-permission android:name="android.permission.READ_EXTERNAL_STORAGE" />
14-->src\main\AndroidManifest.xml:5:5-80
14-->src\main\AndroidManifest.xml:5:22-77
15    <uses-permission android:name="android.permission.WRITE_EXTERNAL_STORAGE" />
15-->src\main\AndroidManifest.xml:6:5-81
15-->src\main\AndroidManifest.xml:6:22-78
16    <uses-permission android:name="android.permission.RECEIVE_BOOT_COMPLETED" />
16-->src\main\AndroidManifest.xml:8:5-80
16-->src\main\AndroidManifest.xml:8:22-78
17    <uses-permission android:name="android.permission.WAKE_LOCK" />
17-->src\main\AndroidManifest.xml:9:5-68
17-->src\main\AndroidManifest.xml:9:22-65
18    <uses-permission android:name="com.google.android.c2dm.permission.RECEIVE" />
18-->src\main\AndroidManifest.xml:10:5-82
18-->src\main\AndroidManifest.xml:10:22-79
19    <uses-permission android:name="android.permission.ACCESS_WIFI_STATE" />
19-->[com.facebook.flipper:flipper:0.182.0] AndroidManifest.xml:16:5-76
19-->[com.facebook.flipper:flipper:0.182.0] AndroidManifest.xml:16:22-73
20
21    <queries>
21-->[:react-native-image-crop-picker] AndroidManifest.xml:7:5-11:15
22        <intent>
22-->[:react-native-image-crop-picker] AndroidManifest.xml:8:9-10:18
23            <action android:name="android.media.action.IMAGE_CAPTURE" />
23-->[:react-native-image-crop-picker] AndroidManifest.xml:9:13-73
23-->[:react-native-image-crop-picker] AndroidManifest.xml:9:21-70
24        </intent>
25    </queries> <!-- Create a unique permission for your app and use it so only your app can receive your OneSignal messages. -->
26    <permission
26-->[com.onesignal:notifications:5.1.21] AndroidManifest.xml:10:5-12:47
27        android:name="com.furnia.permission.C2D_MESSAGE"
27-->[com.onesignal:notifications:5.1.21] AndroidManifest.xml:11:9-63
28        android:protectionLevel="signature" />
28-->[com.onesignal:notifications:5.1.21] AndroidManifest.xml:12:9-44
29
30    <uses-permission android:name="com.furnia.permission.C2D_MESSAGE" /> <!-- Required runtime permission to display notifications on Android 13 -->
30-->[com.onesignal:notifications:5.1.21] AndroidManifest.xml:14:5-79
30-->[com.onesignal:notifications:5.1.21] AndroidManifest.xml:14:22-76
31    <uses-permission android:name="android.permission.POST_NOTIFICATIONS" />
31-->[com.onesignal:notifications:5.1.21] AndroidManifest.xml:17:5-77
31-->[com.onesignal:notifications:5.1.21] AndroidManifest.xml:17:22-74
32    <!--
33 Required so the device vibrates on receiving a push notification.
34         Vibration settings of the device still apply.
35    -->
36    <uses-permission android:name="android.permission.VIBRATE" /> <!-- START: ShortcutBadger -->
36-->[com.onesignal:notifications:5.1.21] AndroidManifest.xml:24:5-66
36-->[com.onesignal:notifications:5.1.21] AndroidManifest.xml:24:22-63
37    <!-- Samsung -->
38    <uses-permission android:name="com.sec.android.provider.badge.permission.READ" />
38-->[com.onesignal:notifications:5.1.21] AndroidManifest.xml:31:5-86
38-->[com.onesignal:notifications:5.1.21] AndroidManifest.xml:31:22-83
39    <uses-permission android:name="com.sec.android.provider.badge.permission.WRITE" /> <!-- HTC -->
39-->[com.onesignal:notifications:5.1.21] AndroidManifest.xml:32:5-87
39-->[com.onesignal:notifications:5.1.21] AndroidManifest.xml:32:22-84
40    <uses-permission android:name="com.htc.launcher.permission.READ_SETTINGS" />
40-->[com.onesignal:notifications:5.1.21] AndroidManifest.xml:33:5-81
40-->[com.onesignal:notifications:5.1.21] AndroidManifest.xml:33:22-78
41    <uses-permission android:name="com.htc.launcher.permission.UPDATE_SHORTCUT" /> <!-- Sony -->
41-->[com.onesignal:notifications:5.1.21] AndroidManifest.xml:34:5-83
41-->[com.onesignal:notifications:5.1.21] AndroidManifest.xml:34:22-80
42    <uses-permission android:name="com.sonyericsson.home.permission.BROADCAST_BADGE" />
42-->[com.onesignal:notifications:5.1.21] AndroidManifest.xml:35:5-88
42-->[com.onesignal:notifications:5.1.21] AndroidManifest.xml:35:22-85
43    <uses-permission android:name="com.sonymobile.home.permission.PROVIDER_INSERT_BADGE" /> <!-- Apex -->
43-->[com.onesignal:notifications:5.1.21] AndroidManifest.xml:36:5-92
43-->[com.onesignal:notifications:5.1.21] AndroidManifest.xml:36:22-89
44    <uses-permission android:name="com.anddoes.launcher.permission.UPDATE_COUNT" /> <!-- Solid -->
44-->[com.onesignal:notifications:5.1.21] AndroidManifest.xml:37:5-84
44-->[com.onesignal:notifications:5.1.21] AndroidManifest.xml:37:22-81
45    <uses-permission android:name="com.majeur.launcher.permission.UPDATE_BADGE" /> <!-- Huawei -->
45-->[com.onesignal:notifications:5.1.21] AndroidManifest.xml:38:5-83
45-->[com.onesignal:notifications:5.1.21] AndroidManifest.xml:38:22-80
46    <uses-permission android:name="com.huawei.android.launcher.permission.CHANGE_BADGE" />
46-->[com.onesignal:notifications:5.1.21] AndroidManifest.xml:39:5-91
46-->[com.onesignal:notifications:5.1.21] AndroidManifest.xml:39:22-88
47    <uses-permission android:name="com.huawei.android.launcher.permission.READ_SETTINGS" />
47-->[com.onesignal:notifications:5.1.21] AndroidManifest.xml:40:5-92
47-->[com.onesignal:notifications:5.1.21] AndroidManifest.xml:40:22-89
48    <uses-permission android:name="com.huawei.android.launcher.permission.WRITE_SETTINGS" /> <!-- ZUK -->
48-->[com.onesignal:notifications:5.1.21] AndroidManifest.xml:41:5-93
48-->[com.onesignal:notifications:5.1.21] AndroidManifest.xml:41:22-90
49    <uses-permission android:name="android.permission.READ_APP_BADGE" /> <!-- OPPO -->
49-->[com.onesignal:notifications:5.1.21] AndroidManifest.xml:42:5-73
49-->[com.onesignal:notifications:5.1.21] AndroidManifest.xml:42:22-70
50    <uses-permission android:name="com.oppo.launcher.permission.READ_SETTINGS" />
50-->[com.onesignal:notifications:5.1.21] AndroidManifest.xml:43:5-82
50-->[com.onesignal:notifications:5.1.21] AndroidManifest.xml:43:22-79
51    <uses-permission android:name="com.oppo.launcher.permission.WRITE_SETTINGS" /> <!-- EvMe -->
51-->[com.onesignal:notifications:5.1.21] AndroidManifest.xml:44:5-83
51-->[com.onesignal:notifications:5.1.21] AndroidManifest.xml:44:22-80
52    <uses-permission android:name="me.everything.badger.permission.BADGE_COUNT_READ" />
52-->[com.onesignal:notifications:5.1.21] AndroidManifest.xml:45:5-88
52-->[com.onesignal:notifications:5.1.21] AndroidManifest.xml:45:22-85
53    <uses-permission android:name="me.everything.badger.permission.BADGE_COUNT_WRITE" />
53-->[com.onesignal:notifications:5.1.21] AndroidManifest.xml:46:5-89
53-->[com.onesignal:notifications:5.1.21] AndroidManifest.xml:46:22-86
54    <uses-permission android:name="android.permission.ACCESS_NETWORK_STATE" />
54-->[com.onesignal:core:5.1.21] AndroidManifest.xml:10:5-79
54-->[com.onesignal:core:5.1.21] AndroidManifest.xml:10:22-76
55    <uses-permission android:name="android.permission.FOREGROUND_SERVICE" />
55-->[androidx.work:work-runtime:2.8.1] AndroidManifest.xml:26:5-77
55-->[androidx.work:work-runtime:2.8.1] AndroidManifest.xml:26:22-74
56
57    <application
57-->src\main\AndroidManifest.xml:12:5-39:19
58        android:name="com.furnia.MainApplication"
58-->src\main\AndroidManifest.xml:13:7-38
59        android:allowBackup="false"
59-->src\main\AndroidManifest.xml:17:7-34
60        android:appComponentFactory="androidx.core.app.CoreComponentFactory"
60-->[androidx.core:core:1.8.0] AndroidManifest.xml:24:18-86
61        android:debuggable="true"
62        android:icon="@mipmap/ic_launcher"
62-->src\main\AndroidManifest.xml:15:7-41
63        android:label="@string/app_name"
63-->src\main\AndroidManifest.xml:14:7-39
64        android:roundIcon="@mipmap/ic_launcher_round"
64-->src\main\AndroidManifest.xml:16:7-52
65        android:theme="@style/AppTheme"
65-->src\main\AndroidManifest.xml:18:7-38
66        android:usesCleartextTraffic="true" >
66-->src\debug\AndroidManifest.xml:8:9-44
67        <activity
67-->src\debug\AndroidManifest.xml:11:9-111
68            android:name="com.facebook.react.devsupport.DevSettingsActivity"
68-->src\debug\AndroidManifest.xml:11:19-83
69            android:exported="false" />
69-->src\debug\AndroidManifest.xml:11:84-108
70        <activity
70-->src\main\AndroidManifest.xml:19:7-30:18
71            android:name="com.furnia.MainActivity"
71-->src\main\AndroidManifest.xml:20:9-37
72            android:configChanges="keyboard|keyboardHidden|orientation|screenLayout|screenSize|smallestScreenSize|uiMode"
72-->src\main\AndroidManifest.xml:22:9-118
73            android:exported="true"
73-->src\main\AndroidManifest.xml:25:9-32
74            android:label="@string/app_name"
74-->src\main\AndroidManifest.xml:21:9-41
75            android:launchMode="singleTask"
75-->src\main\AndroidManifest.xml:23:9-40
76            android:windowSoftInputMode="adjustResize" >
76-->src\main\AndroidManifest.xml:24:9-51
77            <intent-filter>
77-->src\main\AndroidManifest.xml:26:9-29:25
78                <action android:name="android.intent.action.MAIN" />
78-->src\main\AndroidManifest.xml:27:13-65
78-->src\main\AndroidManifest.xml:27:21-62
79
80                <category android:name="android.intent.category.LAUNCHER" />
80-->src\main\AndroidManifest.xml:28:13-73
80-->src\main\AndroidManifest.xml:28:23-70
81            </intent-filter>
82        </activity>
83
84        <meta-data
84-->src\main\AndroidManifest.xml:31:7-33:36
85            android:name="com.onesignal.NotificationServiceExtension"
85-->src\main\AndroidManifest.xml:32:9-66
86            android:value="DISABLED" />
86-->src\main\AndroidManifest.xml:33:9-33
87        <meta-data
87-->src\main\AndroidManifest.xml:34:7-36:68
88            android:name="onesignal_app_id"
88-->src\main\AndroidManifest.xml:35:13-44
89            android:value="271a916b-03c4-4522-b425-24cc008d0a83" />
89-->src\main\AndroidManifest.xml:36:13-65
90
91        <provider
91-->[:react-native-image-crop-picker] AndroidManifest.xml:16:9-24:20
92            android:name="com.reactnative.ivpusic.imagepicker.IvpusicImagePickerFileProvider"
92-->[:react-native-image-crop-picker] AndroidManifest.xml:17:13-94
93            android:authorities="com.furnia.provider"
93-->[:react-native-image-crop-picker] AndroidManifest.xml:18:13-60
94            android:exported="false"
94-->[:react-native-image-crop-picker] AndroidManifest.xml:19:13-37
95            android:grantUriPermissions="true" >
95-->[:react-native-image-crop-picker] AndroidManifest.xml:20:13-47
96            <meta-data
96-->[:react-native-image-crop-picker] AndroidManifest.xml:21:13-23:78
97                android:name="android.support.FILE_PROVIDER_PATHS"
97-->[:react-native-image-crop-picker] AndroidManifest.xml:22:17-67
98                android:resource="@xml/ivpusic_imagepicker_provider_paths" />
98-->[:react-native-image-crop-picker] AndroidManifest.xml:23:17-75
99        </provider>
100
101        <activity
101-->[:react-native-image-crop-picker] AndroidManifest.xml:26:9-28:72
102            android:name="com.yalantis.ucrop.UCropActivity"
102-->[:react-native-image-crop-picker] AndroidManifest.xml:27:13-60
103            android:theme="@style/Theme.AppCompat.Light.NoActionBar" />
103-->[:react-native-image-crop-picker] AndroidManifest.xml:28:13-69
104
105        <receiver
105-->[com.onesignal:notifications:5.1.21] AndroidManifest.xml:49:9-60:20
106            android:name="com.onesignal.notifications.receivers.FCMBroadcastReceiver"
106-->[com.onesignal:notifications:5.1.21] AndroidManifest.xml:50:13-86
107            android:exported="true"
107-->[com.onesignal:notifications:5.1.21] AndroidManifest.xml:51:13-36
108            android:permission="com.google.android.c2dm.permission.SEND" >
108-->[com.onesignal:notifications:5.1.21] AndroidManifest.xml:52:13-73
109
110            <!-- High priority so OneSignal payloads can be filtered from other FCM receivers -->
111            <intent-filter android:priority="999" >
111-->[com.onesignal:notifications:5.1.21] AndroidManifest.xml:55:13-59:29
111-->[com.onesignal:notifications:5.1.21] AndroidManifest.xml:55:28-50
112                <action android:name="com.google.android.c2dm.intent.RECEIVE" />
112-->[com.onesignal:notifications:5.1.21] AndroidManifest.xml:56:17-81
112-->[com.onesignal:notifications:5.1.21] AndroidManifest.xml:56:25-78
113
114                <category android:name="com.furnia" />
114-->[com.onesignal:notifications:5.1.21] AndroidManifest.xml:58:17-61
114-->[com.onesignal:notifications:5.1.21] AndroidManifest.xml:58:27-58
115            </intent-filter>
116        </receiver>
117
118        <service
118-->[com.onesignal:notifications:5.1.21] AndroidManifest.xml:62:9-68:19
119            android:name="com.onesignal.notifications.services.HmsMessageServiceOneSignal"
119-->[com.onesignal:notifications:5.1.21] AndroidManifest.xml:63:13-91
120            android:exported="false" >
120-->[com.onesignal:notifications:5.1.21] AndroidManifest.xml:64:13-37
121            <intent-filter>
121-->[com.onesignal:notifications:5.1.21] AndroidManifest.xml:65:13-67:29
122                <action android:name="com.huawei.push.action.MESSAGING_EVENT" />
122-->[com.onesignal:notifications:5.1.21] AndroidManifest.xml:66:17-81
122-->[com.onesignal:notifications:5.1.21] AndroidManifest.xml:66:25-78
123            </intent-filter>
124        </service>
125
126        <activity
126-->[com.onesignal:notifications:5.1.21] AndroidManifest.xml:70:9-78:20
127            android:name="com.onesignal.notifications.activities.NotificationOpenedActivityHMS"
127-->[com.onesignal:notifications:5.1.21] AndroidManifest.xml:71:13-96
128            android:exported="true"
128-->[com.onesignal:notifications:5.1.21] AndroidManifest.xml:72:13-36
129            android:noHistory="true"
129-->[com.onesignal:notifications:5.1.21] AndroidManifest.xml:73:13-37
130            android:theme="@android:style/Theme.Translucent.NoTitleBar" >
130-->[com.onesignal:notifications:5.1.21] AndroidManifest.xml:74:13-72
131            <intent-filter>
131-->[com.onesignal:notifications:5.1.21] AndroidManifest.xml:75:13-77:29
132                <action android:name="android.intent.action.VIEW" />
132-->[com.onesignal:notifications:5.1.21] AndroidManifest.xml:76:17-69
132-->[com.onesignal:notifications:5.1.21] AndroidManifest.xml:76:25-66
133            </intent-filter>
134        </activity>
135
136        <receiver
136-->[com.onesignal:notifications:5.1.21] AndroidManifest.xml:80:9-82:39
137            android:name="com.onesignal.notifications.receivers.NotificationDismissReceiver"
137-->[com.onesignal:notifications:5.1.21] AndroidManifest.xml:81:13-93
138            android:exported="true" />
138-->[com.onesignal:notifications:5.1.21] AndroidManifest.xml:82:13-36
139        <receiver
139-->[com.onesignal:notifications:5.1.21] AndroidManifest.xml:83:9-90:20
140            android:name="com.onesignal.notifications.receivers.BootUpReceiver"
140-->[com.onesignal:notifications:5.1.21] AndroidManifest.xml:84:13-80
141            android:exported="true" >
141-->[com.onesignal:notifications:5.1.21] AndroidManifest.xml:85:13-36
142            <intent-filter>
142-->[com.onesignal:notifications:5.1.21] AndroidManifest.xml:86:13-89:29
143                <action android:name="android.intent.action.BOOT_COMPLETED" />
143-->[com.onesignal:notifications:5.1.21] AndroidManifest.xml:87:17-79
143-->[com.onesignal:notifications:5.1.21] AndroidManifest.xml:87:25-76
144                <action android:name="android.intent.action.QUICKBOOT_POWERON" />
144-->[com.onesignal:notifications:5.1.21] AndroidManifest.xml:88:17-82
144-->[com.onesignal:notifications:5.1.21] AndroidManifest.xml:88:25-79
145            </intent-filter>
146        </receiver>
147        <receiver
147-->[com.onesignal:notifications:5.1.21] AndroidManifest.xml:91:9-97:20
148            android:name="com.onesignal.notifications.receivers.UpgradeReceiver"
148-->[com.onesignal:notifications:5.1.21] AndroidManifest.xml:92:13-81
149            android:exported="true" >
149-->[com.onesignal:notifications:5.1.21] AndroidManifest.xml:93:13-36
150            <intent-filter>
150-->[com.onesignal:notifications:5.1.21] AndroidManifest.xml:94:13-96:29
151                <action android:name="android.intent.action.MY_PACKAGE_REPLACED" />
151-->[com.onesignal:notifications:5.1.21] AndroidManifest.xml:95:17-84
151-->[com.onesignal:notifications:5.1.21] AndroidManifest.xml:95:25-81
152            </intent-filter>
153        </receiver>
154
155        <activity
155-->[com.onesignal:notifications:5.1.21] AndroidManifest.xml:99:9-105:75
156            android:name="com.onesignal.notifications.activities.NotificationOpenedActivity"
156-->[com.onesignal:notifications:5.1.21] AndroidManifest.xml:100:13-93
157            android:excludeFromRecents="true"
157-->[com.onesignal:notifications:5.1.21] AndroidManifest.xml:101:13-46
158            android:exported="true"
158-->[com.onesignal:notifications:5.1.21] AndroidManifest.xml:102:13-36
159            android:noHistory="true"
159-->[com.onesignal:notifications:5.1.21] AndroidManifest.xml:103:13-37
160            android:taskAffinity=""
160-->[com.onesignal:notifications:5.1.21] AndroidManifest.xml:104:13-36
161            android:theme="@android:style/Theme.Translucent.NoTitleBar" />
161-->[com.onesignal:notifications:5.1.21] AndroidManifest.xml:105:13-72
162        <activity
162-->[com.onesignal:notifications:5.1.21] AndroidManifest.xml:106:9-111:75
163            android:name="com.onesignal.notifications.activities.NotificationOpenedActivityAndroid22AndOlder"
163-->[com.onesignal:notifications:5.1.21] AndroidManifest.xml:107:13-110
164            android:excludeFromRecents="true"
164-->[com.onesignal:notifications:5.1.21] AndroidManifest.xml:108:13-46
165            android:exported="true"
165-->[com.onesignal:notifications:5.1.21] AndroidManifest.xml:109:13-36
166            android:noHistory="true"
166-->[com.onesignal:notifications:5.1.21] AndroidManifest.xml:110:13-37
167            android:theme="@android:style/Theme.Translucent.NoTitleBar" />
167-->[com.onesignal:notifications:5.1.21] AndroidManifest.xml:111:13-72
168
169        <service
169-->[com.onesignal:core:5.1.21] AndroidManifest.xml:13:9-16:72
170            android:name="com.onesignal.core.services.SyncJobService"
170-->[com.onesignal:core:5.1.21] AndroidManifest.xml:14:13-70
171            android:exported="false"
171-->[com.onesignal:core:5.1.21] AndroidManifest.xml:15:13-37
172            android:permission="android.permission.BIND_JOB_SERVICE" />
172-->[com.onesignal:core:5.1.21] AndroidManifest.xml:16:13-69
173
174        <activity
174-->[com.onesignal:core:5.1.21] AndroidManifest.xml:18:9-21:75
175            android:name="com.onesignal.core.activities.PermissionsActivity"
175-->[com.onesignal:core:5.1.21] AndroidManifest.xml:19:13-77
176            android:exported="false"
176-->[com.onesignal:core:5.1.21] AndroidManifest.xml:20:13-37
177            android:theme="@android:style/Theme.Translucent.NoTitleBar" />
177-->[com.onesignal:core:5.1.21] AndroidManifest.xml:21:13-72
178
179        <receiver
179-->[com.google.firebase:firebase-messaging:23.4.0] AndroidManifest.xml:29:9-40:20
180            android:name="com.google.firebase.iid.FirebaseInstanceIdReceiver"
180-->[com.google.firebase:firebase-messaging:23.4.0] AndroidManifest.xml:30:13-78
181            android:exported="true"
181-->[com.google.firebase:firebase-messaging:23.4.0] AndroidManifest.xml:31:13-36
182            android:permission="com.google.android.c2dm.permission.SEND" >
182-->[com.google.firebase:firebase-messaging:23.4.0] AndroidManifest.xml:32:13-73
183            <intent-filter>
183-->[com.google.firebase:firebase-messaging:23.4.0] AndroidManifest.xml:33:13-35:29
184                <action android:name="com.google.android.c2dm.intent.RECEIVE" />
184-->[com.onesignal:notifications:5.1.21] AndroidManifest.xml:56:17-81
184-->[com.onesignal:notifications:5.1.21] AndroidManifest.xml:56:25-78
185            </intent-filter>
186
187            <meta-data
187-->[com.google.firebase:firebase-messaging:23.4.0] AndroidManifest.xml:37:13-39:40
188                android:name="com.google.android.gms.cloudmessaging.FINISHED_AFTER_HANDLED"
188-->[com.google.firebase:firebase-messaging:23.4.0] AndroidManifest.xml:38:17-92
189                android:value="true" />
189-->[com.google.firebase:firebase-messaging:23.4.0] AndroidManifest.xml:39:17-37
190        </receiver>
191        <!--
192             FirebaseMessagingService performs security checks at runtime,
193             but set to not exported to explicitly avoid allowing another app to call it.
194        -->
195        <service
195-->[com.google.firebase:firebase-messaging:23.4.0] AndroidManifest.xml:46:9-53:19
196            android:name="com.google.firebase.messaging.FirebaseMessagingService"
196-->[com.google.firebase:firebase-messaging:23.4.0] AndroidManifest.xml:47:13-82
197            android:directBootAware="true"
197-->[com.google.firebase:firebase-messaging:23.4.0] AndroidManifest.xml:48:13-43
198            android:exported="false" >
198-->[com.google.firebase:firebase-messaging:23.4.0] AndroidManifest.xml:49:13-37
199            <intent-filter android:priority="-500" >
199-->[com.google.firebase:firebase-messaging:23.4.0] AndroidManifest.xml:50:13-52:29
199-->[com.google.firebase:firebase-messaging:23.4.0] AndroidManifest.xml:50:28-51
200                <action android:name="com.google.firebase.MESSAGING_EVENT" />
200-->[com.google.firebase:firebase-messaging:23.4.0] AndroidManifest.xml:51:17-78
200-->[com.google.firebase:firebase-messaging:23.4.0] AndroidManifest.xml:51:25-75
201            </intent-filter>
202        </service>
203        <service
203-->[com.google.firebase:firebase-messaging:23.4.0] AndroidManifest.xml:54:9-63:19
204            android:name="com.google.firebase.components.ComponentDiscoveryService"
204-->[com.google.firebase:firebase-messaging:23.4.0] AndroidManifest.xml:55:13-84
205            android:directBootAware="true"
205-->[com.google.firebase:firebase-common:20.4.2] AndroidManifest.xml:32:13-43
206            android:exported="false" >
206-->[com.google.firebase:firebase-messaging:23.4.0] AndroidManifest.xml:56:13-37
207            <meta-data
207-->[com.google.firebase:firebase-messaging:23.4.0] AndroidManifest.xml:57:13-59:85
208                android:name="com.google.firebase.components:com.google.firebase.messaging.FirebaseMessagingKtxRegistrar"
208-->[com.google.firebase:firebase-messaging:23.4.0] AndroidManifest.xml:58:17-122
209                android:value="com.google.firebase.components.ComponentRegistrar" />
209-->[com.google.firebase:firebase-messaging:23.4.0] AndroidManifest.xml:59:17-82
210            <meta-data
210-->[com.google.firebase:firebase-messaging:23.4.0] AndroidManifest.xml:60:13-62:85
211                android:name="com.google.firebase.components:com.google.firebase.messaging.FirebaseMessagingRegistrar"
211-->[com.google.firebase:firebase-messaging:23.4.0] AndroidManifest.xml:61:17-119
212                android:value="com.google.firebase.components.ComponentRegistrar" />
212-->[com.google.firebase:firebase-messaging:23.4.0] AndroidManifest.xml:62:17-82
213            <meta-data
213-->[com.google.firebase:firebase-installations:17.2.0] AndroidManifest.xml:15:13-17:85
214                android:name="com.google.firebase.components:com.google.firebase.installations.FirebaseInstallationsKtxRegistrar"
214-->[com.google.firebase:firebase-installations:17.2.0] AndroidManifest.xml:16:17-130
215                android:value="com.google.firebase.components.ComponentRegistrar" />
215-->[com.google.firebase:firebase-installations:17.2.0] AndroidManifest.xml:17:17-82
216            <meta-data
216-->[com.google.firebase:firebase-installations:17.2.0] AndroidManifest.xml:18:13-20:85
217                android:name="com.google.firebase.components:com.google.firebase.installations.FirebaseInstallationsRegistrar"
217-->[com.google.firebase:firebase-installations:17.2.0] AndroidManifest.xml:19:17-127
218                android:value="com.google.firebase.components.ComponentRegistrar" />
218-->[com.google.firebase:firebase-installations:17.2.0] AndroidManifest.xml:20:17-82
219            <meta-data
219-->[com.google.firebase:firebase-common-ktx:20.4.2] AndroidManifest.xml:12:13-14:85
220                android:name="com.google.firebase.components:com.google.firebase.ktx.FirebaseCommonLegacyRegistrar"
220-->[com.google.firebase:firebase-common-ktx:20.4.2] AndroidManifest.xml:13:17-116
221                android:value="com.google.firebase.components.ComponentRegistrar" />
221-->[com.google.firebase:firebase-common-ktx:20.4.2] AndroidManifest.xml:14:17-82
222            <meta-data
222-->[com.google.firebase:firebase-common:20.4.2] AndroidManifest.xml:35:13-37:85
223                android:name="com.google.firebase.components:com.google.firebase.FirebaseCommonKtxRegistrar"
223-->[com.google.firebase:firebase-common:20.4.2] AndroidManifest.xml:36:17-109
224                android:value="com.google.firebase.components.ComponentRegistrar" />
224-->[com.google.firebase:firebase-common:20.4.2] AndroidManifest.xml:37:17-82
225            <meta-data
225-->[com.google.firebase:firebase-datatransport:18.1.7] AndroidManifest.xml:27:13-29:85
226                android:name="com.google.firebase.components:com.google.firebase.datatransport.TransportRegistrar"
226-->[com.google.firebase:firebase-datatransport:18.1.7] AndroidManifest.xml:28:17-115
227                android:value="com.google.firebase.components.ComponentRegistrar" />
227-->[com.google.firebase:firebase-datatransport:18.1.7] AndroidManifest.xml:29:17-82
228        </service>
229
230        <provider
230-->[com.google.firebase:firebase-common:20.4.2] AndroidManifest.xml:23:9-28:39
231            android:name="com.google.firebase.provider.FirebaseInitProvider"
231-->[com.google.firebase:firebase-common:20.4.2] AndroidManifest.xml:24:13-77
232            android:authorities="com.furnia.firebaseinitprovider"
232-->[com.google.firebase:firebase-common:20.4.2] AndroidManifest.xml:25:13-72
233            android:directBootAware="true"
233-->[com.google.firebase:firebase-common:20.4.2] AndroidManifest.xml:26:13-43
234            android:exported="false"
234-->[com.google.firebase:firebase-common:20.4.2] AndroidManifest.xml:27:13-37
235            android:initOrder="100" />
235-->[com.google.firebase:firebase-common:20.4.2] AndroidManifest.xml:28:13-36
236        <provider
236-->[androidx.work:work-runtime:2.8.1] AndroidManifest.xml:29:9-37:20
237            android:name="androidx.startup.InitializationProvider"
237-->[androidx.work:work-runtime:2.8.1] AndroidManifest.xml:30:13-67
238            android:authorities="com.furnia.androidx-startup"
238-->[androidx.work:work-runtime:2.8.1] AndroidManifest.xml:31:13-68
239            android:exported="false" >
239-->[androidx.work:work-runtime:2.8.1] AndroidManifest.xml:32:13-37
240            <meta-data
240-->[androidx.work:work-runtime:2.8.1] AndroidManifest.xml:34:13-36:52
241                android:name="androidx.work.WorkManagerInitializer"
241-->[androidx.work:work-runtime:2.8.1] AndroidManifest.xml:35:17-68
242                android:value="androidx.startup" />
242-->[androidx.work:work-runtime:2.8.1] AndroidManifest.xml:36:17-49
243            <meta-data
243-->[androidx.emoji2:emoji2:1.0.0] AndroidManifest.xml:31:13-33:52
244                android:name="androidx.emoji2.text.EmojiCompatInitializer"
244-->[androidx.emoji2:emoji2:1.0.0] AndroidManifest.xml:32:17-75
245                android:value="androidx.startup" />
245-->[androidx.emoji2:emoji2:1.0.0] AndroidManifest.xml:33:17-49
246            <meta-data
246-->[androidx.lifecycle:lifecycle-process:2.4.0] AndroidManifest.xml:31:13-33:52
247                android:name="androidx.lifecycle.ProcessLifecycleInitializer"
247-->[androidx.lifecycle:lifecycle-process:2.4.0] AndroidManifest.xml:32:17-78
248                android:value="androidx.startup" />
248-->[androidx.lifecycle:lifecycle-process:2.4.0] AndroidManifest.xml:33:17-49
249        </provider>
250
251        <service
251-->[androidx.work:work-runtime:2.8.1] AndroidManifest.xml:39:9-45:35
252            android:name="androidx.work.impl.background.systemalarm.SystemAlarmService"
252-->[androidx.work:work-runtime:2.8.1] AndroidManifest.xml:40:13-88
253            android:directBootAware="false"
253-->[androidx.work:work-runtime:2.8.1] AndroidManifest.xml:41:13-44
254            android:enabled="@bool/enable_system_alarm_service_default"
254-->[androidx.work:work-runtime:2.8.1] AndroidManifest.xml:42:13-72
255            android:exported="false" />
255-->[androidx.work:work-runtime:2.8.1] AndroidManifest.xml:43:13-37
256        <service
256-->[androidx.work:work-runtime:2.8.1] AndroidManifest.xml:46:9-52:35
257            android:name="androidx.work.impl.background.systemjob.SystemJobService"
257-->[androidx.work:work-runtime:2.8.1] AndroidManifest.xml:47:13-84
258            android:directBootAware="false"
258-->[androidx.work:work-runtime:2.8.1] AndroidManifest.xml:48:13-44
259            android:enabled="@bool/enable_system_job_service_default"